2025-04-03 15:41:08 [INFO] u.LoggerUtil - Configuration file loaded successfully.
2025-04-03 15:41:09 [INFO] o.t.i.Utils - [TestNG] Running:
  C:\Users\teema\eclipse-workspace\com.car-checking\testng.xml

2025-04-03 15:41:09 [INFO] u.LoggerUtil - Deleted: C:\Users\teema\eclipse-workspace\com.car-checking\screenshots\testCompareCarValuationResults_20250403154024.png
2025-04-03 15:41:09 [INFO] u.LoggerUtil - Deleted: C:\Users\teema\eclipse-workspace\com.car-checking\screenshots\testCompareCarValuationResults_20250403154029.png
2025-04-03 15:41:09 [INFO] u.LoggerUtil - Starting setup for class: LandingPageTest
2025-04-03 15:41:09 [INFO] u.LoggerUtil - Initializing WebDriver for browser: chrome
2025-04-03 15:41:09 [INFO] i.g.b.w.WebDriverManager - Using chromedriver 134.0.6998.165 (resolved driver for Chrome 134)
2025-04-03 15:41:09 [INFO] i.g.b.w.WebDriverManager - Exporting webdriver.chrome.driver as C:\Users\teema\.cache\selenium\chromedriver\win64\134.0.6998.165\chromedriver.exe
2025-04-03 15:41:17 [INFO] u.LoggerUtil - Setting up the WebDriver in the landing page test
2025-04-03 15:41:17 [INFO] u.LoggerUtil - Verifying the page URL
2025-04-03 15:41:17 [INFO] u.LoggerUtil - Page title: Vehicle check - Check Your Car's History Online - Car Checking
2025-04-03 15:41:18 [INFO] u.LoggerUtil - Ending teardown for class: LandingPageTest
2025-04-03 15:41:18 [INFO] u.LoggerUtil - Starting setup for class: CarOutputComparisonTest
2025-04-03 15:41:18 [INFO] u.LoggerUtil - Initializing WebDriver for browser: chrome
2025-04-03 15:41:18 [INFO] i.g.b.w.WebDriverManager - Using chromedriver 134.0.6998.165 (resolved driver for Chrome 134)
2025-04-03 15:41:18 [INFO] i.g.b.w.WebDriverManager - Exporting webdriver.chrome.driver as C:\Users\teema\.cache\selenium\chromedriver\win64\134.0.6998.165\chromedriver.exe
2025-04-03 15:41:21 [INFO] u.LoggerUtil - Starting test for vehicle registration: AD58 VNF
2025-04-03 15:41:22 [INFO] u.LoggerUtil - Navigated to home page in [testCompareCarValuationResults]
2025-04-03 15:41:22 [INFO] u.LoggerUtil - AD58 VNF is Entered
2025-04-03 15:41:36 [INFO] u.LoggerUtil - A click function is performed on Proxy element for: DefaultElementLocator 'By.xpath: //button[contains(text(), 'Check Now')]'
2025-04-03 15:41:36 [INFO] u.LoggerUtil - Clicked 'Check Now' for: AD58 VNF
2025-04-03 15:41:36 [INFO] u.LoggerUtil - Search result displayed for: AD58 VNF
2025-04-03 15:41:36 [ERROR] u.LoggerUtil - Failed to switch to iframe: no such frame
  (Session info: chrome=134.0.6998.89)
Build info: version: '4.29.0', revision: '5fc1ec94cb'
System info: os.name: 'Windows 11', os.arch: 'amd64', os.version: '10.0', java.version: '23.0.1'
Driver info: org.openqa.selenium.chrome.ChromeDriver
Command: [88059a68acfd0de8f4b1c139fe0e03cf, switchToFrame {id={element-6066-11e4-a52e-4f735466cecf=f.711517B409524470AB28B866CF3113F0.d.6538070922237DE0CCA76E6B8CDE9E04.e.6700}}]
Capabilities {acceptInsecureCerts: false, browserName: chrome, browserVersion: 134.0.6998.89, chrome: {chromedriverVersion: 134.0.6998.165 (fd886e2cb29..., userDataDir: C:\Users\teema\AppData\Loca...}, fedcm:accounts: true, goog:chromeOptions: {debuggerAddress: localhost:59781}, networkConnectionEnabled: false, pageLoadStrategy: normal, platformName: windows, proxy: Proxy(), se:cdp: ws://localhost:59781/devtoo..., se:cdpVersion: 134.0.6998.89, setWindowRect: true, strictFileInteractability: false, timeouts: {implicit: 0, pageLoad: 300000, script: 30000}, unhandledPromptBehavior: dismiss and notify, webauthn:extension:credBlob: true, webauthn:extension:largeBlob: true, webauthn:extension:minPinLength: true, webauthn:extension:prf: true, webauthn:virtualAuthenticators: true}
Session ID: 88059a68acfd0de8f4b1c139fe0e03cf
2025-04-03 15:41:36 [INFO] u.LoggerUtil - Retrieved value for 'Make' using JavaScript: BMW
2025-04-03 15:41:36 [ERROR] u.LoggerUtil - Failed to switch to iframe: no such frame
  (Session info: chrome=134.0.6998.89)
Build info: version: '4.29.0', revision: '5fc1ec94cb'
System info: os.name: 'Windows 11', os.arch: 'amd64', os.version: '10.0', java.version: '23.0.1'
Driver info: org.openqa.selenium.chrome.ChromeDriver
Command: [88059a68acfd0de8f4b1c139fe0e03cf, switchToFrame {id={element-6066-11e4-a52e-4f735466cecf=f.711517B409524470AB28B866CF3113F0.d.6538070922237DE0CCA76E6B8CDE9E04.e.6700}}]
Capabilities {acceptInsecureCerts: false, browserName: chrome, browserVersion: 134.0.6998.89, chrome: {chromedriverVersion: 134.0.6998.165 (fd886e2cb29..., userDataDir: C:\Users\teema\AppData\Loca...}, fedcm:accounts: true, goog:chromeOptions: {debuggerAddress: localhost:59781}, networkConnectionEnabled: false, pageLoadStrategy: normal, platformName: windows, proxy: Proxy(), se:cdp: ws://localhost:59781/devtoo..., se:cdpVersion: 134.0.6998.89, setWindowRect: true, strictFileInteractability: false, timeouts: {implicit: 0, pageLoad: 300000, script: 30000}, unhandledPromptBehavior: dismiss and notify, webauthn:extension:credBlob: true, webauthn:extension:largeBlob: true, webauthn:extension:minPinLength: true, webauthn:extension:prf: true, webauthn:virtualAuthenticators: true}
Session ID: 88059a68acfd0de8f4b1c139fe0e03cf
2025-04-03 15:41:36 [INFO] u.LoggerUtil - Retrieved value for 'Model' using JavaScript: 120D M SPORT
2025-04-03 15:41:36 [ERROR] u.LoggerUtil - Failed to switch to iframe: no such frame
  (Session info: chrome=134.0.6998.89)
Build info: version: '4.29.0', revision: '5fc1ec94cb'
System info: os.name: 'Windows 11', os.arch: 'amd64', os.version: '10.0', java.version: '23.0.1'
Driver info: org.openqa.selenium.chrome.ChromeDriver
Command: [88059a68acfd0de8f4b1c139fe0e03cf, switchToFrame {id={element-6066-11e4-a52e-4f735466cecf=f.711517B409524470AB28B866CF3113F0.d.6538070922237DE0CCA76E6B8CDE9E04.e.6700}}]
Capabilities {acceptInsecureCerts: false, browserName: chrome, browserVersion: 134.0.6998.89, chrome: {chromedriverVersion: 134.0.6998.165 (fd886e2cb29..., userDataDir: C:\Users\teema\AppData\Loca...}, fedcm:accounts: true, goog:chromeOptions: {debuggerAddress: localhost:59781}, networkConnectionEnabled: false, pageLoadStrategy: normal, platformName: windows, proxy: Proxy(), se:cdp: ws://localhost:59781/devtoo..., se:cdpVersion: 134.0.6998.89, setWindowRect: true, strictFileInteractability: false, timeouts: {implicit: 0, pageLoad: 300000, script: 30000}, unhandledPromptBehavior: dismiss and notify, webauthn:extension:credBlob: true, webauthn:extension:largeBlob: true, webauthn:extension:minPinLength: true, webauthn:extension:prf: true, webauthn:virtualAuthenticators: true}
Session ID: 88059a68acfd0de8f4b1c139fe0e03cf
2025-04-03 15:41:36 [INFO] u.LoggerUtil - Retrieved value for 'Year' using JavaScript: 2008
2025-04-03 15:41:36 [INFO] u.LoggerUtil - Comparing expected vs. actual results:
2025-04-03 15:41:36 [INFO] u.LoggerUtil - Make: Expected [BMW] vs Actual [BMW]
2025-04-03 15:41:36 [INFO] u.LoggerUtil - Model: Expected [120D M SPORT] vs Actual [120D M SPORT]
2025-04-03 15:41:36 [INFO] u.LoggerUtil - Year: Expected [2008] vs Actual [2008]
2025-04-03 15:41:37 [INFO] u.LoggerUtil - Initializing WebDriver for browser: chrome
2025-04-03 15:41:37 [INFO] i.g.b.w.WebDriverManager - Using chromedriver 134.0.6998.165 (resolved driver for Chrome 134)
2025-04-03 15:41:37 [INFO] i.g.b.w.WebDriverManager - Exporting webdriver.chrome.driver as C:\Users\teema\.cache\selenium\chromedriver\win64\134.0.6998.165\chromedriver.exe
2025-04-03 15:41:45 [INFO] u.LoggerUtil - Starting test for vehicle registration: BW57 BOW
2025-04-03 15:41:47 [INFO] u.LoggerUtil - Navigated to home page in [testCompareCarValuationResults]
2025-04-03 15:41:47 [WARN] u.LoggerUtil - Registration number not found in expected results: BW57 BOW
2025-04-03 15:41:47 [INFO] u.LoggerUtil - Screenshot saved at: C:\Users\teema\eclipse-workspace\com.car-checking/screenshots/testCompareCarValuationResults_20250403154147.png
2025-04-03 15:41:47 [INFO] u.LoggerUtil - Screenshot captured for test: testCompareCarValuationResults
2025-04-03 15:41:47 [INFO] u.LoggerUtil - Initializing WebDriver for browser: chrome
2025-04-03 15:41:47 [INFO] i.g.b.w.WebDriverManager - Using chromedriver 134.0.6998.165 (resolved driver for Chrome 134)
2025-04-03 15:41:47 [INFO] i.g.b.w.WebDriverManager - Exporting webdriver.chrome.driver as C:\Users\teema\.cache\selenium\chromedriver\win64\134.0.6998.165\chromedriver.exe
2025-04-03 15:41:49 [INFO] u.LoggerUtil - Starting test for vehicle registration: KT17DLX
2025-04-03 15:41:51 [INFO] u.LoggerUtil - Navigated to home page in [testCompareCarValuationResults]
2025-04-03 15:41:51 [WARN] u.LoggerUtil - Registration number not found in expected results: KT17DLX
2025-04-03 15:41:51 [INFO] u.LoggerUtil - Screenshot saved at: C:\Users\teema\eclipse-workspace\com.car-checking/screenshots/testCompareCarValuationResults_20250403154151.png
2025-04-03 15:41:51 [INFO] u.LoggerUtil - Screenshot captured for test: testCompareCarValuationResults
2025-04-03 15:41:52 [INFO] u.LoggerUtil - Initializing WebDriver for browser: chrome
2025-04-03 15:41:52 [INFO] i.g.b.w.WebDriverManager - Using chromedriver 134.0.6998.165 (resolved driver for Chrome 134)
2025-04-03 15:41:52 [INFO] i.g.b.w.WebDriverManager - Exporting webdriver.chrome.driver as C:\Users\teema\.cache\selenium\chromedriver\win64\134.0.6998.165\chromedriver.exe
2025-04-03 15:41:54 [INFO] u.LoggerUtil - Starting test for vehicle registration: SG18 HTN
2025-04-03 15:41:56 [INFO] u.LoggerUtil - Navigated to home page in [testCompareCarValuationResults]
2025-04-03 15:41:56 [INFO] u.LoggerUtil - SG18 HTN is Entered
2025-04-03 15:42:08 [INFO] u.LoggerUtil - A click function is performed on Proxy element for: DefaultElementLocator 'By.xpath: //button[contains(text(), 'Check Now')]'
2025-04-03 15:42:08 [INFO] u.LoggerUtil - Clicked 'Check Now' for: SG18 HTN
2025-04-03 15:42:39 [ERROR] u.LoggerUtil - [Proxy element for: DefaultElementLocator 'By.xpath: //div[@id='content']//div[contains(@class, 'content-holder')]//div[contains(@class, 'report-header')]'] is not displayed and error [Expected condition failed: waiting for visibility of Proxy element for: DefaultElementLocator 'By.xpath: //div[@id='content']//div[contains(@class, 'content-holder')]//div[contains(@class, 'report-header')]' (tried for 15 second(s) with 500 milliseconds interval)] thrown
2025-04-03 15:42:49 [ERROR] u.LoggerUtil - Search result not displayed for: SG18 HTN
2025-04-03 15:43:19 [ERROR] u.LoggerUtil - [Proxy element for: DefaultElementLocator 'By.xpath: //div[@Class ='alert alert-danger'][contains(text(), recognised)]'] is not displayed and error [Expected condition failed: waiting for visibility of Proxy element for: DefaultElementLocator 'By.xpath: //div[@Class ='alert alert-danger'][contains(text(), recognised)]' (tried for 15 second(s) with 500 milliseconds interval)] thrown
2025-04-03 15:43:30 [INFO] u.LoggerUtil - Screenshot saved at: C:\Users\teema\eclipse-workspace\com.car-checking/screenshots/testCompareCarValuationResults_20250403154329.png
2025-04-03 15:43:30 [INFO] u.LoggerUtil - Screenshot captured for test: testCompareCarValuationResults
2025-04-03 15:43:30 [INFO] u.LoggerUtil - Ending teardown for class: CarOutputComparisonTest
2025-04-03 15:43:30 [INFO] u.LoggerUtil - Starting setup for class: CarRegValidationTest
2025-04-03 15:43:30 [INFO] u.LoggerUtil - Initializing WebDriver for browser: chrome
2025-04-03 15:43:30 [INFO] i.g.b.w.WebDriverManager - Using chromedriver 134.0.6998.165 (resolved driver for Chrome 134)
2025-04-03 15:43:30 [INFO] i.g.b.w.WebDriverManager - Exporting webdriver.chrome.driver as C:\Users\teema\.cache\selenium\chromedriver\win64\134.0.6998.165\chromedriver.exe
2025-04-03 15:43:33 [INFO] u.LoggerUtil - Ending teardown for class: CarRegValidationTest
2025-04-03 15:43:33 [INFO] u.LoggerUtil - Starting setup for class: CarResultValidationTest
2025-04-03 15:43:33 [INFO] u.LoggerUtil - Initializing WebDriver for browser: chrome
2025-04-03 15:43:33 [INFO] i.g.b.w.WebDriverManager - Using chromedriver 134.0.6998.165 (resolved driver for Chrome 134)
2025-04-03 15:43:33 [INFO] i.g.b.w.WebDriverManager - Exporting webdriver.chrome.driver as C:\Users\teema\.cache\selenium\chromedriver\win64\134.0.6998.165\chromedriver.exe
2025-04-03 15:43:35 [INFO] u.LoggerUtil - Initializing WebDriver for browser: chrome
2025-04-03 15:43:35 [INFO] i.g.b.w.WebDriverManager - Using chromedriver 134.0.6998.165 (resolved driver for Chrome 134)
2025-04-03 15:43:35 [INFO] i.g.b.w.WebDriverManager - Exporting webdriver.chrome.driver as C:\Users\teema\.cache\selenium\chromedriver\win64\134.0.6998.165\chromedriver.exe
2025-04-03 15:43:38 [INFO] u.LoggerUtil - Starting test for vehicle registration: AD58 VNF
2025-04-03 15:43:40 [INFO] u.LoggerUtil - Navigated to home page
2025-04-03 15:43:40 [INFO] u.LoggerUtil - AD58 VNF is Entered
2025-04-03 15:43:53 [INFO] u.LoggerUtil - A click function is performed on Proxy element for: DefaultElementLocator 'By.xpath: //button[contains(text(), 'Check Now')]'
2025-04-03 15:43:53 [INFO] u.LoggerUtil - Search successful, returning to home page.
2025-04-03 15:43:55 [INFO] u.LoggerUtil - Screenshot saved at: C:\Users\teema\eclipse-workspace\com.car-checking/screenshots/clickHomePageLink_20250403154354.png
2025-04-03 15:43:55 [INFO] u.LoggerUtil - Initializing WebDriver for browser: chrome
2025-04-03 15:43:55 [INFO] i.g.b.w.WebDriverManager - Using chromedriver 134.0.6998.165 (resolved driver for Chrome 134)
2025-04-03 15:43:55 [INFO] i.g.b.w.WebDriverManager - Exporting webdriver.chrome.driver as C:\Users\teema\.cache\selenium\chromedriver\win64\134.0.6998.165\chromedriver.exe
2025-04-03 15:43:58 [INFO] u.LoggerUtil - Starting test for vehicle registration: BW57 BOW
2025-04-03 15:43:59 [INFO] u.LoggerUtil - Navigated to home page
2025-04-03 15:43:59 [INFO] u.LoggerUtil - BW57 BOW is Entered
2025-04-03 15:44:03 [INFO] u.LoggerUtil - A click function is performed on [[ChromeDriver: chrome on windows (7f8791d1afd989e9fe095ca04affb170)] -> xpath: //button[contains(text(), 'Check Now')]]
2025-04-03 15:44:13 [WARN] u.LoggerUtil - Search result is NOT displayed for: BW57 BOW
2025-04-03 15:44:13 [INFO] u.LoggerUtil - Licence plate number is not recognised BW57 BOW
2025-04-03 15:44:13 [INFO] u.LoggerUtil - Screenshot saved at: C:\Users\teema\eclipse-workspace\com.car-checking/screenshots/testEnterPlateNumberInCarValuationPage_20250403154413.png
2025-04-03 15:44:13 [INFO] u.LoggerUtil - Screenshot captured for test: testEnterPlateNumberInCarValuationPage
2025-04-03 15:44:13 [INFO] u.LoggerUtil - Initializing WebDriver for browser: chrome
2025-04-03 15:44:13 [INFO] i.g.b.w.WebDriverManager - Using chromedriver 134.0.6998.165 (resolved driver for Chrome 134)
2025-04-03 15:44:13 [INFO] i.g.b.w.WebDriverManager - Exporting webdriver.chrome.driver as C:\Users\teema\.cache\selenium\chromedriver\win64\134.0.6998.165\chromedriver.exe
2025-04-03 15:44:16 [INFO] u.LoggerUtil - Starting test for vehicle registration: KT17DLX
2025-04-03 15:44:18 [INFO] u.LoggerUtil - Navigated to home page
2025-04-03 15:44:18 [INFO] u.LoggerUtil - KT17DLX is Entered
2025-04-03 15:44:32 [INFO] u.LoggerUtil - A click function is performed on Proxy element for: DefaultElementLocator 'By.xpath: //button[contains(text(), 'Check Now')]'
2025-04-03 15:44:32 [INFO] u.LoggerUtil - Search successful, returning to home page.
2025-04-03 15:44:33 [INFO] u.LoggerUtil - Screenshot saved at: C:\Users\teema\eclipse-workspace\com.car-checking/screenshots/clickHomePageLink_20250403154433.png
2025-04-03 15:44:33 [INFO] u.LoggerUtil - Initializing WebDriver for browser: chrome
2025-04-03 15:44:33 [INFO] i.g.b.w.WebDriverManager - Using chromedriver 134.0.6998.165 (resolved driver for Chrome 134)
2025-04-03 15:44:33 [INFO] i.g.b.w.WebDriverManager - Exporting webdriver.chrome.driver as C:\Users\teema\.cache\selenium\chromedriver\win64\134.0.6998.165\chromedriver.exe
2025-04-03 15:44:36 [INFO] u.LoggerUtil - Starting test for vehicle registration: SG18 HTN
2025-04-03 15:44:37 [INFO] u.LoggerUtil - Navigated to home page
2025-04-03 15:44:38 [INFO] u.LoggerUtil - SG18 HTN is Entered
2025-04-03 15:44:49 [INFO] u.LoggerUtil - A click function is performed on Proxy element for: DefaultElementLocator 'By.xpath: //button[contains(text(), 'Check Now')]'
2025-04-03 15:44:59 [WARN] u.LoggerUtil - Search result is NOT displayed for: SG18 HTN
2025-04-03 15:45:30 [ERROR] u.LoggerUtil - [Proxy element for: DefaultElementLocator 'By.className: alert-danger'] is not displayed and error [Expected condition failed: waiting for visibility of Proxy element for: DefaultElementLocator 'By.className: alert-danger' (tried for 15 second(s) with 500 milliseconds interval)] thrown
2025-04-03 15:45:40 [ERROR] u.LoggerUtil - No alert message found; possible unexpected issue, may be a 500 error.
2025-04-03 15:45:40 [INFO] u.LoggerUtil - Screenshot saved at: C:\Users\teema\eclipse-workspace\com.car-checking/screenshots/testEnterPlateNumberInCarValuationPage_20250403154540.png
2025-04-03 15:45:40 [INFO] u.LoggerUtil - Screenshot captured for test: testEnterPlateNumberInCarValuationPage
2025-04-03 15:45:40 [INFO] u.LoggerUtil - Ending teardown for class: CarResultValidationTest
