<!DOCTYPE html>

<html>
  <head>
  <meta charset='utf-8'>
  <title>TestNG reports</title>

    <link type="text/css" href="testng-reports1.css" rel="stylesheet" id="ultra" />
    <link type="text/css" href="testng-reports.css" rel="stylesheet" id="retro" disabled="false"/>
    <script type="text/javascript" src="jquery-3.6.0.min.js"></script>
    <script type="text/javascript" src="testng-reports.js"></script>
    <script type="text/javascript" src="https://www.google.com/jsapi"></script>
    <script type='text/javascript'>
      google.load('visualization', '1', {packages:['table']});
      google.setOnLoadCallback(drawTable);
      var suiteTableInitFunctions = new Array();
      var suiteTableData = new Array();
    </script>
    <!--
      <script type="text/javascript" src="jquery-ui/js/jquery-ui-1.8.16.custom.min.js"></script>
     -->
  </head>

  <body>    <div class="top-banner-root">
      <span class="top-banner-title-font">Test results</span>
      <button id="button" class="button">Switch Retro Theme</button> <!-- button -->
      <br/>
      <span class="top-banner-font-1">1 suite, 2 failed tests</span>
    </div> <!-- top-banner-root -->
    <div class="navigator-root">
      <div class="navigator-suite-header">
        <span>All suites</span>
        <a href="#" title="Collapse/expand all the suites" class="collapse-all-link">
          <img src="collapseall.gif" class="collapse-all-icon">
          </img> <!-- collapse-all-icon -->
        </a> <!-- collapse-all-link -->
      </div> <!-- navigator-suite-header -->
      <div class="suite">
        <div class="rounded-window">
          <div class="suite-header light-rounded-window-top">
            <a href="#" panel-name="suite-car_checking_automation_test" class="navigator-link">
              <span class="suite-name border-failed">car checking automation test</span>
            </a> <!-- navigator-link -->
          </div> <!-- suite-header light-rounded-window-top -->
          <div class="navigator-suite-content">
            <div class="suite-section-title">
              <span>Info</span>
            </div> <!-- suite-section-title -->
            <div class="suite-section-content">
              <ul>
                <li>
                  <a href="#" panel-name="test-xml-car_checking_automation_test" class="navigator-link ">
                    <span>C:\Users\teema\eclipse-workspace\com.car-checking\testng.xml</span>
                  </a> <!-- navigator-link  -->
                </li>
                <li>
                  <a href="#" panel-name="testlist-car_checking_automation_test" class="navigator-link ">
                    <span class="test-stats">1 test</span>
                  </a> <!-- navigator-link  -->
                </li>
                <li>
                  <a href="#" panel-name="group-car_checking_automation_test" class="navigator-link ">
                    <span>0 groups</span>
                  </a> <!-- navigator-link  -->
                </li>
                <li>
                  <a href="#" panel-name="times-car_checking_automation_test" class="navigator-link ">
                    <span>Times</span>
                  </a> <!-- navigator-link  -->
                </li>
                <li>
                  <a href="#" panel-name="reporter-car_checking_automation_test" class="navigator-link ">
                    <span>Reporter output</span>
                  </a> <!-- navigator-link  -->
                </li>
                <li>
                  <a href="#" panel-name="ignored-methods-car_checking_automation_test" class="navigator-link ">
                    <span>Ignored methods</span>
                  </a> <!-- navigator-link  -->
                </li>
                <li>
                  <a href="#" panel-name="chronological-car_checking_automation_test" class="navigator-link ">
                    <span>Chronological view</span>
                  </a> <!-- navigator-link  -->
                </li>
              </ul>
            </div> <!-- suite-section-content -->
            <div class="result-section">
              <div class="suite-section-title">
                <span>Results</span>
              </div> <!-- suite-section-title -->
              <div class="suite-section-content">
                <ul>
                  <li>
                    <span class="method-stats">11 methods, 2 failed,  5 skipped,  4 passed</span>
                  </li>
                  <li>
                    <span class="method-list-title failed">Failed methods</span>
                    <span class="show-or-hide-methods failed">
                      <a href="#" panel-name="suite-car_checking_automation_test" class="hide-methods failed suite-car_checking_automation_test"> (hide)</a> <!-- hide-methods failed suite-car_checking_automation_test -->
                      <a href="#" panel-name="suite-car_checking_automation_test" class="show-methods failed suite-car_checking_automation_test"> (show)</a> <!-- show-methods failed suite-car_checking_automation_test -->
                    </span>
                    <div class="method-list-content failed suite-car_checking_automation_test">
                      <span>
                        <img src="failed.png" width="3%"/>
                        <a href="#" panel-name="suite-car_checking_automation_test" title="com.carchecking.testsCases.CarOutputComparisonTest" class="method navigator-link" hash-for-method="testCompareCarValuationResults(AD58 VNF)">testCompareCarValuationResults(AD58 VNF)</a> <!-- method navigator-link -->
                      </span>
                      <br/>
                      <span>
                        <img src="failed.png" width="3%"/>
                        <a href="#" panel-name="suite-car_checking_automation_test" title="com.carchecking.testsCases.CarLandingPageTest" class="method navigator-link" hash-for-method="testLoadWebPage">testLoadWebPage</a> <!-- method navigator-link -->
                      </span>
                      <br/>
                    </div> <!-- method-list-content failed suite-car_checking_automation_test -->
                  </li>
                  <li>
                    <span class="method-list-title skipped">Skipped methods</span>
                    <span class="show-or-hide-methods skipped">
                      <a href="#" panel-name="suite-car_checking_automation_test" class="hide-methods skipped suite-car_checking_automation_test"> (hide)</a> <!-- hide-methods skipped suite-car_checking_automation_test -->
                      <a href="#" panel-name="suite-car_checking_automation_test" class="show-methods skipped suite-car_checking_automation_test"> (show)</a> <!-- show-methods skipped suite-car_checking_automation_test -->
                    </span>
                    <div class="method-list-content skipped suite-car_checking_automation_test">
                      <span>
                        <img src="skipped.png" width="3%"/>
                        <a href="#" panel-name="suite-car_checking_automation_test" title="com.carchecking.testsCases.CarOutputComparisonTest" class="method navigator-link" hash-for-method="testCompareCarValuationResults(BW57 BOW)">testCompareCarValuationResults(BW57 BOW)</a> <!-- method navigator-link -->
                      </span>
                      <br/>
                      <span>
                        <img src="skipped.png" width="3%"/>
                        <a href="#" panel-name="suite-car_checking_automation_test" title="com.carchecking.testsCases.CarOutputComparisonTest" class="method navigator-link" hash-for-method="testCompareCarValuationResults(KT17DLX)">testCompareCarValuationResults(KT17DLX)</a> <!-- method navigator-link -->
                      </span>
                      <br/>
                      <span>
                        <img src="skipped.png" width="3%"/>
                        <a href="#" panel-name="suite-car_checking_automation_test" title="com.carchecking.testsCases.CarOutputComparisonTest" class="method navigator-link" hash-for-method="testCompareCarValuationResults(SG18 HTN)">testCompareCarValuationResults(SG18 HTN)</a> <!-- method navigator-link -->
                      </span>
                      <br/>
                      <span>
                        <img src="skipped.png" width="3%"/>
                        <a href="#" panel-name="suite-car_checking_automation_test" title="com.carchecking.testsCases.CarResultValidationTest" class="method navigator-link" hash-for-method="testEnterPlateNumberInCarValuationPage">testEnterPlateNumberInCarValuationPage</a> <!-- method navigator-link -->
                      </span>
                      <br/>
                      <span>
                        <img src="skipped.png" width="3%"/>
                        <a href="#" panel-name="suite-car_checking_automation_test" title="com.carchecking.testsCases.CarResultValidationTest" class="method navigator-link" hash-for-method="testExtractRegistrationNumbers">testExtractRegistrationNumbers</a> <!-- method navigator-link -->
                      </span>
                      <br/>
                    </div> <!-- method-list-content skipped suite-car_checking_automation_test -->
                  </li>
                  <li>
                    <span class="method-list-title passed">Passed methods</span>
                    <span class="show-or-hide-methods passed">
                      <a href="#" panel-name="suite-car_checking_automation_test" class="hide-methods passed suite-car_checking_automation_test"> (hide)</a> <!-- hide-methods passed suite-car_checking_automation_test -->
                      <a href="#" panel-name="suite-car_checking_automation_test" class="show-methods passed suite-car_checking_automation_test"> (show)</a> <!-- show-methods passed suite-car_checking_automation_test -->
                    </span>
                    <div class="method-list-content passed suite-car_checking_automation_test">
                      <span>
                        <img src="passed.png" width="3%"/>
                        <a href="#" panel-name="suite-car_checking_automation_test" title="com.carchecking.testsCases.CarRegValidationTest" class="method navigator-link" hash-for-method="testCheckForDuplicates">testCheckForDuplicates</a> <!-- method navigator-link -->
                      </span>
                      <br/>
                      <span>
                        <img src="passed.png" width="3%"/>
                        <a href="#" panel-name="suite-car_checking_automation_test" title="com.carchecking.testsCases.CarRegValidationTest" class="method navigator-link" hash-for-method="testExtractedRegistrationNumbers">testExtractedRegistrationNumbers</a> <!-- method navigator-link -->
                      </span>
                      <br/>
                      <span>
                        <img src="passed.png" width="3%"/>
                        <a href="#" panel-name="suite-car_checking_automation_test" title="com.carchecking.testsCases.CarRegValidationTest" class="method navigator-link" hash-for-method="testFileExistsSizeAndReadable">testFileExistsSizeAndReadable</a> <!-- method navigator-link -->
                      </span>
                      <br/>
                      <span>
                        <img src="passed.png" width="3%"/>
                        <a href="#" panel-name="suite-car_checking_automation_test" title="com.carchecking.testsCases.CarRegValidationTest" class="method navigator-link" hash-for-method="testValidateFileContentFormat">testValidateFileContentFormat</a> <!-- method navigator-link -->
                      </span>
                      <br/>
                    </div> <!-- method-list-content passed suite-car_checking_automation_test -->
                  </li>
                </ul>
              </div> <!-- suite-section-content -->
            </div> <!-- result-section -->
          </div> <!-- navigator-suite-content -->
        </div> <!-- rounded-window -->
      </div> <!-- suite -->
    </div> <!-- navigator-root -->
    <div class="wrapper">
      <div class="main-panel-root">
        <div panel-name="suite-car_checking_automation_test" class="panel car_checking_automation_test">
          <div class="suite-car_checking_automation_test-class-failed">
            <div class="main-panel-header rounded-window-top">
              <img src="failed.png"/>
              <span class="class-name">com.carchecking.testsCases.CarOutputComparisonTest</span>
            </div> <!-- main-panel-header rounded-window-top -->
            <div class="main-panel-content rounded-window-bottom">
              <div class="method">
                <div class="method-content">
                  <a name="testCompareCarValuationResults(AD58 VNF)">
                  </a> <!-- testCompareCarValuationResults(AD58 VNF) -->
                  <span class="method-name">testCompareCarValuationResults</span>
                  <span class="parameters">(AD58 VNF)</span>
                  <div class="stack-trace">org.openqa.selenium.NoSuchWindowException: no such window: target window already closed
from unknown error: web view not found
  (Session info: chrome=135.0.7049.96)
Build info: version: &apos;4.29.0&apos;, revision: &apos;5fc1ec94cb&apos;
System info: os.name: &apos;Windows 11&apos;, os.arch: &apos;amd64&apos;, os.version: &apos;10.0&apos;, java.version: &apos;23.0.1&apos;
Driver info: org.openqa.selenium.chrome.ChromeDriver
Command: [1c289a2378f9766cbe0032d0bd913fd5, get {url=https://car-checking.com}]
Capabilities {acceptInsecureCerts: false, browserName: chrome, browserVersion: 135.0.7049.96, chrome: {chromedriverVersion: 135.0.7049.95 (de2eb485a195..., userDataDir: C:\Users\teema\AppData\Loca...}, fedcm:accounts: true, goog:chromeOptions: {debuggerAddress: localhost:58093}, networkConnectionEnabled: false, pageLoadStrategy: normal, platformName: windows, proxy: Proxy(), se:cdp: ws://localhost:58093/devtoo..., se:cdpVersion: 135.0.7049.96, setWindowRect: true, strictFileInteractability: false, timeouts: {implicit: 0, pageLoad: 300000, script: 30000}, unhandledPromptBehavior: dismiss and notify, webauthn:extension:credBlob: true, webauthn:extension:largeBlob: true, webauthn:extension:minPinLength: true, webauthn:extension:prf: true, webauthn:virtualAuthenticators: true}
Session ID: 1c289a2378f9766cbe0032d0bd913fd5
	at org.openqa.selenium.remote.ErrorCodec.decode(ErrorCodec.java:167)
	at org.openqa.selenium.remote.codec.w3c.W3CHttpResponseCodec.decode(W3CHttpResponseCodec.java:138)
	at org.openqa.selenium.remote.codec.w3c.W3CHttpResponseCodec.decode(W3CHttpResponseCodec.java:50)
	at org.openqa.selenium.remote.HttpCommandExecutor.execute(HttpCommandExecutor.java:215)
	at org.openqa.selenium.remote.service.DriverCommandExecutor.invokeExecute(DriverCommandExecutor.java:216)
	at org.openqa.selenium.remote.service.DriverCommandExecutor.execute(DriverCommandExecutor.java:174)
	at org.openqa.selenium.remote.RemoteWebDriver.execute(RemoteWebDriver.java:545)
	at org.openqa.selenium.remote.RemoteWebDriver.get(RemoteWebDriver.java:313)
	at com.carchecking.testsCases.CarOutputComparisonTest.testCompareCarValuationResults(CarOutputComparisonTest.java:30)
	at java.base/java.util.ArrayList.forEach(ArrayList.java:1597)
... Removed 27 stack frames
</div> <!-- stack-trace -->
                  <em>
(TC001 - Fetch vehicle details from car valuation website and compare with expected output)                  </em>
                </div> <!-- method-content -->
              </div> <!-- method -->
            </div> <!-- main-panel-content rounded-window-bottom -->
          </div> <!-- suite-car_checking_automation_test-class-failed -->
          <div class="suite-car_checking_automation_test-class-failed">
            <div class="main-panel-header rounded-window-top">
              <img src="failed.png"/>
              <span class="class-name">com.carchecking.testsCases.CarLandingPageTest</span>
            </div> <!-- main-panel-header rounded-window-top -->
            <div class="main-panel-content rounded-window-bottom">
              <div class="method">
                <div class="method-content">
                  <a name="testLoadWebPage">
                  </a> <!-- testLoadWebPage -->
                  <span class="method-name">testLoadWebPage</span>
                  <div class="stack-trace">java.lang.AssertionError: https://car-checking.com expected [https://car-checking.com] but found [URL didn&apos;t match!]
	at com.carchecking.testsCases.CarLandingPageTest.testLoadWebPage(CarLandingPageTest.java:33)
	at java.base/java.util.ArrayList.forEach(ArrayList.java:1597)
... Removed 29 stack frames
</div> <!-- stack-trace -->
                  <em>
(Reads the car input file and extracts the vehicle registration numbers.)                  </em>
                </div> <!-- method-content -->
              </div> <!-- method -->
            </div> <!-- main-panel-content rounded-window-bottom -->
          </div> <!-- suite-car_checking_automation_test-class-failed -->
          <div class="suite-car_checking_automation_test-class-skipped">
            <div class="main-panel-header rounded-window-top">
              <img src="skipped.png"/>
              <span class="class-name">com.carchecking.testsCases.CarResultValidationTest</span>
            </div> <!-- main-panel-header rounded-window-top -->
            <div class="main-panel-content rounded-window-bottom">
              <div class="method">
                <div class="method-content">
                  <a name="testEnterPlateNumberInCarValuationPage">
                  </a> <!-- testEnterPlateNumberInCarValuationPage -->
                  <span class="method-name">testEnterPlateNumberInCarValuationPage</span>
                  <div class="stack-trace">java.lang.Throwable: Method com.carchecking.testsCases.CarResultValidationTest.testEnterPlateNumberInCarValuationPage() on instance com.carchecking.testsCases.CarResultValidationTest@7139992f depends on not successfully finished methods 
[com.carchecking.testsCases.CarResultValidationTest.testExtractRegistrationNumbers() on instance com.carchecking.testsCases.CarResultValidationTest@7139992f]
	at java.base/java.util.ArrayList.forEach(ArrayList.java:1597)
... Removed 17 stack frames
</div> <!-- stack-trace -->
                  <em>
(Enters each extracted registration number into the car valuation website and verifies search execution.)                  </em>
                </div> <!-- method-content -->
              </div> <!-- method -->
              <div class="method">
                <div class="method-content">
                  <a name="testExtractRegistrationNumbers">
                  </a> <!-- testExtractRegistrationNumbers -->
                  <span class="method-name">testExtractRegistrationNumbers</span>
                  <div class="stack-trace">org.openqa.selenium.WebDriverException: unknown error: cannot determine loading status
from target frame detached
  (Session info: chrome=135.0.7049.96)
Build info: version: &apos;4.29.0&apos;, revision: &apos;5fc1ec94cb&apos;
System info: os.name: &apos;Windows 11&apos;, os.arch: &apos;amd64&apos;, os.version: &apos;10.0&apos;, java.version: &apos;23.0.1&apos;
Driver info: org.openqa.selenium.chrome.ChromeDriver
Command: [4041b9d393b9bee908f14268f9b090f1, get {url=https://car-checking.com}]
Capabilities {acceptInsecureCerts: false, browserName: chrome, browserVersion: 135.0.7049.96, chrome: {chromedriverVersion: 135.0.7049.95 (de2eb485a195..., userDataDir: C:\Users\teema\AppData\Loca...}, fedcm:accounts: true, goog:chromeOptions: {debuggerAddress: localhost:58125}, networkConnectionEnabled: false, pageLoadStrategy: normal, platformName: windows, proxy: Proxy(), se:cdp: ws://localhost:58125/devtoo..., se:cdpVersion: 135.0.7049.96, setWindowRect: true, strictFileInteractability: false, timeouts: {implicit: 0, pageLoad: 300000, script: 30000}, unhandledPromptBehavior: dismiss and notify, webauthn:extension:credBlob: true, webauthn:extension:largeBlob: true, webauthn:extension:minPinLength: true, webauthn:extension:prf: true, webauthn:virtualAuthenticators: true}
Session ID: 4041b9d393b9bee908f14268f9b090f1
	at org.openqa.selenium.remote.ErrorCodec.decode(ErrorCodec.java:167)
	at org.openqa.selenium.remote.codec.w3c.W3CHttpResponseCodec.decode(W3CHttpResponseCodec.java:138)
	at org.openqa.selenium.remote.codec.w3c.W3CHttpResponseCodec.decode(W3CHttpResponseCodec.java:50)
	at org.openqa.selenium.remote.HttpCommandExecutor.execute(HttpCommandExecutor.java:215)
	at org.openqa.selenium.remote.service.DriverCommandExecutor.invokeExecute(DriverCommandExecutor.java:216)
	at org.openqa.selenium.remote.service.DriverCommandExecutor.execute(DriverCommandExecutor.java:174)
	at org.openqa.selenium.remote.RemoteWebDriver.execute(RemoteWebDriver.java:545)
	at org.openqa.selenium.remote.RemoteWebDriver.get(RemoteWebDriver.java:313)
	at com.carchecking.base.TestBase.initialize(TestBase.java:153)
	at com.carchecking.base.TestBase.setup(TestBase.java:49)
	at java.base/java.util.ArrayList.forEach(ArrayList.java:1597)
... Removed 25 stack frames
</div> <!-- stack-trace -->
                  <em>
(Extracts vehicle registration numbers from the input file.)                  </em>
                </div> <!-- method-content -->
              </div> <!-- method -->
            </div> <!-- main-panel-content rounded-window-bottom -->
          </div> <!-- suite-car_checking_automation_test-class-skipped -->
          <div class="suite-car_checking_automation_test-class-skipped">
            <div class="main-panel-header rounded-window-top">
              <img src="skipped.png"/>
              <span class="class-name">com.carchecking.testsCases.CarOutputComparisonTest</span>
            </div> <!-- main-panel-header rounded-window-top -->
            <div class="main-panel-content rounded-window-bottom">
              <div class="method">
                <div class="method-content">
                  <a name="testCompareCarValuationResults(BW57 BOW)">
                  </a> <!-- testCompareCarValuationResults(BW57 BOW) -->
                  <span class="method-name">testCompareCarValuationResults</span>
                  <span class="parameters">(BW57 BOW)</span>
                  <div class="stack-trace">org.openqa.selenium.NoSuchWindowException: no such window: target window already closed
from unknown error: web view not found
  (Session info: chrome=135.0.7049.96)
Build info: version: &apos;4.29.0&apos;, revision: &apos;5fc1ec94cb&apos;
System info: os.name: &apos;Windows 11&apos;, os.arch: &apos;amd64&apos;, os.version: &apos;10.0&apos;, java.version: &apos;23.0.1&apos;
Driver info: org.openqa.selenium.chrome.ChromeDriver
Command: [1c289a2378f9766cbe0032d0bd913fd5, screenshot {}]
Capabilities {acceptInsecureCerts: false, browserName: chrome, browserVersion: 135.0.7049.96, chrome: {chromedriverVersion: 135.0.7049.95 (de2eb485a195..., userDataDir: C:\Users\teema\AppData\Loca...}, fedcm:accounts: true, goog:chromeOptions: {debuggerAddress: localhost:58093}, networkConnectionEnabled: false, pageLoadStrategy: normal, platformName: windows, proxy: Proxy(), se:cdp: ws://localhost:58093/devtoo..., se:cdpVersion: 135.0.7049.96, setWindowRect: true, strictFileInteractability: false, timeouts: {implicit: 0, pageLoad: 300000, script: 30000}, unhandledPromptBehavior: dismiss and notify, webauthn:extension:credBlob: true, webauthn:extension:largeBlob: true, webauthn:extension:minPinLength: true, webauthn:extension:prf: true, webauthn:virtualAuthenticators: true}
Session ID: 1c289a2378f9766cbe0032d0bd913fd5
	at org.openqa.selenium.remote.ErrorCodec.decode(ErrorCodec.java:167)
	at org.openqa.selenium.remote.codec.w3c.W3CHttpResponseCodec.decode(W3CHttpResponseCodec.java:138)
	at org.openqa.selenium.remote.codec.w3c.W3CHttpResponseCodec.decode(W3CHttpResponseCodec.java:50)
	at org.openqa.selenium.remote.HttpCommandExecutor.execute(HttpCommandExecutor.java:215)
	at org.openqa.selenium.remote.service.DriverCommandExecutor.invokeExecute(DriverCommandExecutor.java:216)
	at org.openqa.selenium.remote.service.DriverCommandExecutor.execute(DriverCommandExecutor.java:174)
	at org.openqa.selenium.remote.RemoteWebDriver.execute(RemoteWebDriver.java:545)
	at org.openqa.selenium.remote.RemoteWebDriver.execute(RemoteWebDriver.java:618)
	at org.openqa.selenium.remote.RemoteWebDriver.execute(RemoteWebDriver.java:622)
	at org.openqa.selenium.remote.RemoteWebDriver.getScreenshotAs(RemoteWebDriver.java:334)
	at utilities.ScreenshotUtil.captureScreenshot(ScreenshotUtil.java:49)
	at com.carchecking.base.TestBase.captureScreen(TestBase.java:175)
	at com.carchecking.base.TestBase.tearDown(TestBase.java:183)
	at java.base/java.util.ArrayList.forEach(ArrayList.java:1597)
... Removed 32 stack frames
</div> <!-- stack-trace -->
                  <em>
(TC001 - Fetch vehicle details from car valuation website and compare with expected output)                  </em>
                </div> <!-- method-content -->
              </div> <!-- method -->
              <div class="method">
                <div class="method-content">
                  <a name="testCompareCarValuationResults(KT17DLX)">
                  </a> <!-- testCompareCarValuationResults(KT17DLX) -->
                  <span class="method-name">testCompareCarValuationResults</span>
                  <span class="parameters">(KT17DLX)</span>
                  <div class="stack-trace">org.openqa.selenium.NoSuchWindowException: no such window: target window already closed
from unknown error: web view not found
  (Session info: chrome=135.0.7049.96)
Build info: version: &apos;4.29.0&apos;, revision: &apos;5fc1ec94cb&apos;
System info: os.name: &apos;Windows 11&apos;, os.arch: &apos;amd64&apos;, os.version: &apos;10.0&apos;, java.version: &apos;23.0.1&apos;
Driver info: org.openqa.selenium.chrome.ChromeDriver
Command: [1c289a2378f9766cbe0032d0bd913fd5, screenshot {}]
Capabilities {acceptInsecureCerts: false, browserName: chrome, browserVersion: 135.0.7049.96, chrome: {chromedriverVersion: 135.0.7049.95 (de2eb485a195..., userDataDir: C:\Users\teema\AppData\Loca...}, fedcm:accounts: true, goog:chromeOptions: {debuggerAddress: localhost:58093}, networkConnectionEnabled: false, pageLoadStrategy: normal, platformName: windows, proxy: Proxy(), se:cdp: ws://localhost:58093/devtoo..., se:cdpVersion: 135.0.7049.96, setWindowRect: true, strictFileInteractability: false, timeouts: {implicit: 0, pageLoad: 300000, script: 30000}, unhandledPromptBehavior: dismiss and notify, webauthn:extension:credBlob: true, webauthn:extension:largeBlob: true, webauthn:extension:minPinLength: true, webauthn:extension:prf: true, webauthn:virtualAuthenticators: true}
Session ID: 1c289a2378f9766cbe0032d0bd913fd5
	at org.openqa.selenium.remote.ErrorCodec.decode(ErrorCodec.java:167)
	at org.openqa.selenium.remote.codec.w3c.W3CHttpResponseCodec.decode(W3CHttpResponseCodec.java:138)
	at org.openqa.selenium.remote.codec.w3c.W3CHttpResponseCodec.decode(W3CHttpResponseCodec.java:50)
	at org.openqa.selenium.remote.HttpCommandExecutor.execute(HttpCommandExecutor.java:215)
	at org.openqa.selenium.remote.service.DriverCommandExecutor.invokeExecute(DriverCommandExecutor.java:216)
	at org.openqa.selenium.remote.service.DriverCommandExecutor.execute(DriverCommandExecutor.java:174)
	at org.openqa.selenium.remote.RemoteWebDriver.execute(RemoteWebDriver.java:545)
	at org.openqa.selenium.remote.RemoteWebDriver.execute(RemoteWebDriver.java:618)
	at org.openqa.selenium.remote.RemoteWebDriver.execute(RemoteWebDriver.java:622)
	at org.openqa.selenium.remote.RemoteWebDriver.getScreenshotAs(RemoteWebDriver.java:334)
	at utilities.ScreenshotUtil.captureScreenshot(ScreenshotUtil.java:49)
	at com.carchecking.base.TestBase.captureScreen(TestBase.java:175)
	at com.carchecking.base.TestBase.tearDown(TestBase.java:183)
	at java.base/java.util.ArrayList.forEach(ArrayList.java:1597)
... Removed 32 stack frames
</div> <!-- stack-trace -->
                  <em>
(TC001 - Fetch vehicle details from car valuation website and compare with expected output)                  </em>
                </div> <!-- method-content -->
              </div> <!-- method -->
              <div class="method">
                <div class="method-content">
                  <a name="testCompareCarValuationResults(SG18 HTN)">
                  </a> <!-- testCompareCarValuationResults(SG18 HTN) -->
                  <span class="method-name">testCompareCarValuationResults</span>
                  <span class="parameters">(SG18 HTN)</span>
                  <div class="stack-trace">org.openqa.selenium.NoSuchWindowException: no such window: target window already closed
from unknown error: web view not found
  (Session info: chrome=135.0.7049.96)
Build info: version: &apos;4.29.0&apos;, revision: &apos;5fc1ec94cb&apos;
System info: os.name: &apos;Windows 11&apos;, os.arch: &apos;amd64&apos;, os.version: &apos;10.0&apos;, java.version: &apos;23.0.1&apos;
Driver info: org.openqa.selenium.chrome.ChromeDriver
Command: [1c289a2378f9766cbe0032d0bd913fd5, screenshot {}]
Capabilities {acceptInsecureCerts: false, browserName: chrome, browserVersion: 135.0.7049.96, chrome: {chromedriverVersion: 135.0.7049.95 (de2eb485a195..., userDataDir: C:\Users\teema\AppData\Loca...}, fedcm:accounts: true, goog:chromeOptions: {debuggerAddress: localhost:58093}, networkConnectionEnabled: false, pageLoadStrategy: normal, platformName: windows, proxy: Proxy(), se:cdp: ws://localhost:58093/devtoo..., se:cdpVersion: 135.0.7049.96, setWindowRect: true, strictFileInteractability: false, timeouts: {implicit: 0, pageLoad: 300000, script: 30000}, unhandledPromptBehavior: dismiss and notify, webauthn:extension:credBlob: true, webauthn:extension:largeBlob: true, webauthn:extension:minPinLength: true, webauthn:extension:prf: true, webauthn:virtualAuthenticators: true}
Session ID: 1c289a2378f9766cbe0032d0bd913fd5
	at org.openqa.selenium.remote.ErrorCodec.decode(ErrorCodec.java:167)
	at org.openqa.selenium.remote.codec.w3c.W3CHttpResponseCodec.decode(W3CHttpResponseCodec.java:138)
	at org.openqa.selenium.remote.codec.w3c.W3CHttpResponseCodec.decode(W3CHttpResponseCodec.java:50)
	at org.openqa.selenium.remote.HttpCommandExecutor.execute(HttpCommandExecutor.java:215)
	at org.openqa.selenium.remote.service.DriverCommandExecutor.invokeExecute(DriverCommandExecutor.java:216)
	at org.openqa.selenium.remote.service.DriverCommandExecutor.execute(DriverCommandExecutor.java:174)
	at org.openqa.selenium.remote.RemoteWebDriver.execute(RemoteWebDriver.java:545)
	at org.openqa.selenium.remote.RemoteWebDriver.execute(RemoteWebDriver.java:618)
	at org.openqa.selenium.remote.RemoteWebDriver.execute(RemoteWebDriver.java:622)
	at org.openqa.selenium.remote.RemoteWebDriver.getScreenshotAs(RemoteWebDriver.java:334)
	at utilities.ScreenshotUtil.captureScreenshot(ScreenshotUtil.java:49)
	at com.carchecking.base.TestBase.captureScreen(TestBase.java:175)
	at com.carchecking.base.TestBase.tearDown(TestBase.java:183)
	at java.base/java.util.ArrayList.forEach(ArrayList.java:1597)
... Removed 32 stack frames
</div> <!-- stack-trace -->
                  <em>
(TC001 - Fetch vehicle details from car valuation website and compare with expected output)                  </em>
                </div> <!-- method-content -->
              </div> <!-- method -->
            </div> <!-- main-panel-content rounded-window-bottom -->
          </div> <!-- suite-car_checking_automation_test-class-skipped -->
          <div class="suite-car_checking_automation_test-class-passed">
            <div class="main-panel-header rounded-window-top">
              <img src="passed.png"/>
              <span class="class-name">com.carchecking.testsCases.CarRegValidationTest</span>
            </div> <!-- main-panel-header rounded-window-top -->
            <div class="main-panel-content rounded-window-bottom">
              <div class="method">
                <div class="method-content">
                  <a name="testCheckForDuplicates">
                  </a> <!-- testCheckForDuplicates -->
                  <span class="method-name">testCheckForDuplicates</span>
                  <em>
(Checks for duplicates in the car input file.)                  </em>
                </div> <!-- method-content -->
              </div> <!-- method -->
              <div class="method">
                <div class="method-content">
                  <a name="testExtractedRegistrationNumbers">
                  </a> <!-- testExtractedRegistrationNumbers -->
                  <span class="method-name">testExtractedRegistrationNumbers</span>
                  <em>
(Validates if the extracted registration numbers match the expected values.)                  </em>
                </div> <!-- method-content -->
              </div> <!-- method -->
              <div class="method">
                <div class="method-content">
                  <a name="testFileExistsSizeAndReadable">
                  </a> <!-- testFileExistsSizeAndReadable -->
                  <span class="method-name">testFileExistsSizeAndReadable</span>
                  <em>
(Checks if the car input file exists, readable, and size.)                  </em>
                </div> <!-- method-content -->
              </div> <!-- method -->
              <div class="method">
                <div class="method-content">
                  <a name="testValidateFileContentFormat">
                  </a> <!-- testValidateFileContentFormat -->
                  <span class="method-name">testValidateFileContentFormat</span>
                  <em>
(Reads the car input file and extracts the vehicle registration numbers.)                  </em>
                </div> <!-- method-content -->
              </div> <!-- method -->
            </div> <!-- main-panel-content rounded-window-bottom -->
          </div> <!-- suite-car_checking_automation_test-class-passed -->
        </div> <!-- panel car_checking_automation_test -->
        <div panel-name="test-xml-car_checking_automation_test" class="panel">
          <div class="main-panel-header rounded-window-top">
            <span class="header-content">C:\Users\teema\eclipse-workspace\com.car-checking\testng.xml</span>
          </div> <!-- main-panel-header rounded-window-top -->
          <div class="main-panel-content rounded-window-bottom">
            <pre>
&lt;?xml version=&quot;1.0&quot; encoding=&quot;UTF-8&quot;?&gt;
&lt;!DOCTYPE suite SYSTEM &quot;https://testng.org/testng-1.0.dtd&quot;&gt;
&lt;suite name=&quot;car checking automation test&quot; guice-stage=&quot;DEVELOPMENT&quot;&gt;
  &lt;listeners&gt;
    &lt;listener class-name=&quot;reports.Reporting&quot;/&gt;
  &lt;/listeners&gt;
  &lt;test thread-count=&quot;5&quot; name=&quot;car checking test&quot;&gt;
    &lt;classes&gt;
      &lt;class name=&quot;com.carchecking.testsCases.CarLandingPageTest&quot;/&gt;
      &lt;class name=&quot;com.carchecking.testsCases.CarOutputComparisonTest&quot;/&gt;
      &lt;class name=&quot;com.carchecking.testsCases.CarRegValidationTest&quot;/&gt;
      &lt;class name=&quot;com.carchecking.testsCases.CarResultValidationTest&quot;/&gt;
    &lt;/classes&gt;
  &lt;/test&gt; &lt;!-- car checking test --&gt;
&lt;/suite&gt; &lt;!-- car checking automation test --&gt;
            </pre>
          </div> <!-- main-panel-content rounded-window-bottom -->
        </div> <!-- panel -->
        <div panel-name="testlist-car_checking_automation_test" class="panel">
          <div class="main-panel-header rounded-window-top">
            <span class="header-content">Tests for car checking automation test</span>
          </div> <!-- main-panel-header rounded-window-top -->
          <div class="main-panel-content rounded-window-bottom">
            <ul>
              <li>
                <span class="test-name">car checking test (4 classes)</span>
              </li>
            </ul>
          </div> <!-- main-panel-content rounded-window-bottom -->
        </div> <!-- panel -->
        <div panel-name="group-car_checking_automation_test" class="panel">
          <div class="main-panel-header rounded-window-top">
            <span class="header-content">Groups for car checking automation test</span>
          </div> <!-- main-panel-header rounded-window-top -->
          <div class="main-panel-content rounded-window-bottom">
          </div> <!-- main-panel-content rounded-window-bottom -->
        </div> <!-- panel -->
        <div panel-name="times-car_checking_automation_test" class="panel">
          <div class="main-panel-header rounded-window-top">
            <span class="header-content">Times for car checking automation test</span>
          </div> <!-- main-panel-header rounded-window-top -->
          <div class="main-panel-content rounded-window-bottom">
            <div class="times-div">
              <script type="text/javascript">
suiteTableInitFunctions.push('tableData_car_checking_automation_test');
function tableData_car_checking_automation_test() {
var data = new google.visualization.DataTable();
data.addColumn('number', 'Number');
data.addColumn('string', 'Method');
data.addColumn('string', 'Class');
data.addColumn('number', 'Time (ms)');
data.addRows(11);
data.setCell(0, 0, 0)
data.setCell(0, 1, 'testCompareCarValuationResults')
data.setCell(0, 2, 'com.carchecking.testsCases.CarOutputComparisonTest')
data.setCell(0, 3, 57);
data.setCell(1, 0, 1)
data.setCell(1, 1, 'testLoadWebPage')
data.setCell(1, 2, 'com.carchecking.testsCases.CarLandingPageTest')
data.setCell(1, 3, 35);
data.setCell(2, 0, 2)
data.setCell(2, 1, 'testCheckForDuplicates')
data.setCell(2, 2, 'com.carchecking.testsCases.CarRegValidationTest')
data.setCell(2, 3, 1);
data.setCell(3, 0, 3)
data.setCell(3, 1, 'testFileExistsSizeAndReadable')
data.setCell(3, 2, 'com.carchecking.testsCases.CarRegValidationTest')
data.setCell(3, 3, 0);
data.setCell(4, 0, 4)
data.setCell(4, 1, 'testValidateFileContentFormat')
data.setCell(4, 2, 'com.carchecking.testsCases.CarRegValidationTest')
data.setCell(4, 3, 0);
data.setCell(5, 0, 5)
data.setCell(5, 1, 'testExtractedRegistrationNumbers')
data.setCell(5, 2, 'com.carchecking.testsCases.CarRegValidationTest')
data.setCell(5, 3, 0);
data.setCell(6, 0, 6)
data.setCell(6, 1, 'testEnterPlateNumberInCarValuationPage')
data.setCell(6, 2, 'com.carchecking.testsCases.CarResultValidationTest')
data.setCell(6, 3, 0);
data.setCell(7, 0, 7)
data.setCell(7, 1, 'testExtractRegistrationNumbers')
data.setCell(7, 2, 'com.carchecking.testsCases.CarResultValidationTest')
data.setCell(7, 3, 0);
data.setCell(8, 0, 8)
data.setCell(8, 1, 'testCompareCarValuationResults')
data.setCell(8, 2, 'com.carchecking.testsCases.CarOutputComparisonTest')
data.setCell(8, 3, 0);
data.setCell(9, 0, 9)
data.setCell(9, 1, 'testCompareCarValuationResults')
data.setCell(9, 2, 'com.carchecking.testsCases.CarOutputComparisonTest')
data.setCell(9, 3, 0);
data.setCell(10, 0, 10)
data.setCell(10, 1, 'testCompareCarValuationResults')
data.setCell(10, 2, 'com.carchecking.testsCases.CarOutputComparisonTest')
data.setCell(10, 3, 0);
window.suiteTableData['car_checking_automation_test']= { tableData: data, tableDiv: 'times-div-car_checking_automation_test'}
return data;
}
              </script>
              <span class="suite-total-time">Total running time: 93 ms</span>
              <div id="times-div-car_checking_automation_test">
              </div> <!-- times-div-car_checking_automation_test -->
            </div> <!-- times-div -->
          </div> <!-- main-panel-content rounded-window-bottom -->
        </div> <!-- panel -->
        <div panel-name="reporter-car_checking_automation_test" class="panel">
          <div class="main-panel-header rounded-window-top">
            <span class="header-content">Reporter output for car checking automation test</span>
          </div> <!-- main-panel-header rounded-window-top -->
          <div class="main-panel-content rounded-window-bottom">
          </div> <!-- main-panel-content rounded-window-bottom -->
        </div> <!-- panel -->
        <div panel-name="ignored-methods-car_checking_automation_test" class="panel">
          <div class="main-panel-header rounded-window-top">
            <span class="header-content">3 ignored methods</span>
          </div> <!-- main-panel-header rounded-window-top -->
          <div class="main-panel-content rounded-window-bottom">
            <div class="ignored-class-div">
              <span class="ignored-class-name">com.carchecking.testsCases.CarResultValidationTest</span>
              <div class="ignored-methods-div">
                <span class="ignored-method-name">beforeSuite</span>
                <br/>
              </div> <!-- ignored-methods-div -->
            </div> <!-- ignored-class-div -->
            <div class="ignored-class-div">
              <span class="ignored-class-name">com.carchecking.testsCases.CarRegValidationTest</span>
              <div class="ignored-methods-div">
                <span class="ignored-method-name">beforeSuite</span>
                <br/>
              </div> <!-- ignored-methods-div -->
            </div> <!-- ignored-class-div -->
            <div class="ignored-class-div">
              <span class="ignored-class-name">com.carchecking.testsCases.CarOutputComparisonTest</span>
              <div class="ignored-methods-div">
                <span class="ignored-method-name">beforeSuite</span>
                <br/>
              </div> <!-- ignored-methods-div -->
            </div> <!-- ignored-class-div -->
          </div> <!-- main-panel-content rounded-window-bottom -->
        </div> <!-- panel -->
        <div panel-name="chronological-car_checking_automation_test" class="panel">
          <div class="main-panel-header rounded-window-top">
            <span class="header-content">Methods in chronological order</span>
          </div> <!-- main-panel-header rounded-window-top -->
          <div class="main-panel-content rounded-window-bottom">
            <div class="chronological-class">
              <div class="chronological-class-name">com.carchecking.testsCases.CarLandingPageTest</div> <!-- chronological-class-name -->
              <div class="configuration-suite before">
                <span class="method-name">beforeSuite</span>
                <span class="method-start">0 ms</span>
              </div> <!-- configuration-suite before -->
              <div class="configuration-class before">
                <span class="method-name">setup</span>
                <span class="method-start">149 ms</span>
              </div> <!-- configuration-class before -->
              <div class="test-method">
                <img src="failed.png">
                </img>
                <span class="method-name">testLoadWebPage</span>
                <span class="method-start">3361 ms</span>
              </div> <!-- test-method -->
              <div class="configuration-method after">
                <span class="method-name">tearDown([TestResult name=testLoadWebPage status=FAILURE method=CarLandingPageTest.testLoadWebPage()[pri:0, i...)</span>
                <span class="method-start">3402 ms</span>
              </div> <!-- configuration-method after -->
              <div class="configuration-class after">
                <span class="method-name">tearDown</span>
                <span class="method-start">3904 ms</span>
              </div> <!-- configuration-class after -->
            </div> <!-- chronological-class -->
            <div class="chronological-class">
              <div class="chronological-class-name">com.carchecking.testsCases.CarOutputComparisonTest</div> <!-- chronological-class-name -->
              <div class="configuration-class before">
                <span class="method-name">setup</span>
                <span class="method-start">3906 ms</span>
              </div> <!-- configuration-class before -->
              <div class="configuration-method before">
                <span class="method-name">setUp</span>
                <span class="method-start">6083 ms</span>
              </div> <!-- configuration-method before -->
              <div class="test-method">
                <img src="failed.png">
                </img>
                <span class="method-name">testCompareCarValuationResults(AD58 VNF)</span>
                <span class="method-start">6088 ms</span>
              </div> <!-- test-method -->
              <div class="configuration-method after">
                <img src="failed.png">
                </img>
                <span class="method-name">tearDown([TestResult name=testCompareCarValuationResults status=FAILURE method=CarOutputComparisonTest.testCo...)</span>
                <span class="method-start">6146 ms</span>
              </div> <!-- configuration-method after -->
              <div class="configuration-method before">
                <span class="method-name">setUp</span>
                <span class="method-start">6153 ms</span>
              </div> <!-- configuration-method before -->
              <div class="test-method">
                <span class="method-name">testCompareCarValuationResults(BW57 BOW)</span>
                <span class="method-start">6154 ms</span>
              </div> <!-- test-method -->
              <div class="configuration-method after">
                <span class="method-name">tearDown</span>
                <span class="method-start">6154 ms</span>
              </div> <!-- configuration-method after -->
              <div class="test-method">
                <span class="method-name">testCompareCarValuationResults(KT17DLX)</span>
                <span class="method-start">6155 ms</span>
              </div> <!-- test-method -->
              <div class="configuration-method before">
                <span class="method-name">setUp</span>
                <span class="method-start">6155 ms</span>
              </div> <!-- configuration-method before -->
              <div class="configuration-method after">
                <span class="method-name">tearDown</span>
                <span class="method-start">6155 ms</span>
              </div> <!-- configuration-method after -->
              <div class="configuration-method after">
                <span class="method-name">tearDown</span>
                <span class="method-start">6156 ms</span>
              </div> <!-- configuration-method after -->
              <div class="test-method">
                <span class="method-name">testCompareCarValuationResults(SG18 HTN)</span>
                <span class="method-start">6156 ms</span>
              </div> <!-- test-method -->
              <div class="configuration-method before">
                <span class="method-name">setUp</span>
                <span class="method-start">6156 ms</span>
              </div> <!-- configuration-method before -->
            </div> <!-- chronological-class -->
            <div class="chronological-class">
              <div class="chronological-class-name">com.carchecking.testsCases.CarRegValidationTest</div> <!-- chronological-class-name -->
              <div class="configuration-class before">
                <span class="method-name">setup</span>
                <span class="method-start">6157 ms</span>
              </div> <!-- configuration-class before -->
              <div class="test-method">
                <span class="method-name">testFileExistsSizeAndReadable</span>
                <span class="method-start">6158 ms</span>
              </div> <!-- test-method -->
              <div class="configuration-method after">
                <span class="method-name">tearDown([TestResult name=testFileExistsSizeAndReadable status=SUCCESS method=CarRegValidationTest.testFileEx...)</span>
                <span class="method-start">6159 ms</span>
              </div> <!-- configuration-method after -->
              <div class="test-method">
                <span class="method-name">testValidateFileContentFormat</span>
                <span class="method-start">6280 ms</span>
              </div> <!-- test-method -->
              <div class="configuration-method after">
                <span class="method-name">tearDown([TestResult name=testValidateFileContentFormat status=SUCCESS method=CarRegValidationTest.testValida...)</span>
                <span class="method-start">6281 ms</span>
              </div> <!-- configuration-method after -->
              <div class="test-method">
                <span class="method-name">testCheckForDuplicates</span>
                <span class="method-start">6281 ms</span>
              </div> <!-- test-method -->
              <div class="configuration-method after">
                <span class="method-name">tearDown([TestResult name=testCheckForDuplicates status=SUCCESS method=CarRegValidationTest.testCheckForDupli...)</span>
                <span class="method-start">6282 ms</span>
              </div> <!-- configuration-method after -->
              <div class="configuration-class after">
                <span class="method-name">tearDown</span>
                <span class="method-start">6283 ms</span>
              </div> <!-- configuration-class after -->
              <div class="configuration-method after">
                <span class="method-name">tearDown([TestResult name=testExtractedRegistrationNumbers status=SUCCESS method=CarRegValidationTest.testExt...)</span>
                <span class="method-start">6283 ms</span>
              </div> <!-- configuration-method after -->
              <div class="test-method">
                <span class="method-name">testExtractedRegistrationNumbers</span>
                <span class="method-start">6283 ms</span>
              </div> <!-- test-method -->
            </div> <!-- chronological-class -->
            <div class="chronological-class">
              <div class="chronological-class-name">com.carchecking.testsCases.CarResultValidationTest</div> <!-- chronological-class-name -->
              <div class="configuration-class before">
                <img src="failed.png">
                </img>
                <span class="method-name">setup</span>
                <span class="method-start">6284 ms</span>
              </div> <!-- configuration-class before -->
          </div> <!-- main-panel-content rounded-window-bottom -->
        </div> <!-- panel -->
      </div> <!-- main-panel-root -->
    </div> <!-- wrapper -->
  </body>
<script type="text/javascript" src="testng-reports2.js"></script>
</html>
